2024-08-30T13:44:39.435068,28452,369.625
2024-08-30T13:44:39.438167,28452,369.625
2024-08-30T13:44:39.489684,28452,369.625
2024-08-30T13:44:39.540238,28452,369.625
2024-08-30T13:44:39.590790,28452,369.625
2024-08-30T13:44:39.641347,28452,369.625
2024-08-30T13:44:39.691904,28452,369.625
2024-08-30T13:44:39.742459,28452,369.625
2024-08-30T13:44:39.793035,28452,369.625
2024-08-30T13:44:39.843593,28452,369.625
2024-08-30T13:44:39.894152,28452,369.625
2024-08-30T13:44:39.944728,28452,369.625
2024-08-30T13:44:39.995278,28452,369.625
2024-08-30T13:44:40.045780,28452,369.625
2024-08-30T13:44:40.096298,28452,369.625
2024-08-30T13:44:40.146852,28452,369.625
2024-08-30T13:44:40.197443,28452,369.625
2024-08-30T13:44:40.247976,28452,369.625
2024-08-30T13:44:40.298438,28452,369.625
2024-08-30T13:44:40.348984,28452,369.625
2024-08-30T13:44:40.399575,28452,369.625
2024-08-30T13:44:40.450179,28452,369.625
2024-08-30T13:44:40.500793,28452,369.625
2024-08-30T13:44:40.551404,28452,369.625
2024-08-30T13:44:40.601998,28452,369.625
2024-08-30T13:44:40.652607,28452,369.625
2024-08-30T13:44:40.703186,28452,369.625
2024-08-30T13:44:40.753766,28452,369.625
2024-08-30T13:44:40.804332,28452,369.625
2024-08-30T13:44:40.854927,28452,369.625
2024-08-30T13:44:40.905407,28452,369.625
2024-08-30T13:44:40.955995,28452,369.625
2024-08-30T13:44:41.006481,28452,369.625
2024-08-30T13:44:41.057063,28452,369.625
2024-08-30T13:44:41.107653,28452,369.625
2024-08-30T13:44:41.158272,28452,369.625
2024-08-30T13:44:41.208844,28452,369.625
2024-08-30T13:44:41.259419,28452,369.625
2024-08-30T13:44:41.310087,28452,369.625
2024-08-30T13:44:41.360723,28452,369.625
2024-08-30T13:44:41.411287,28452,369.625
2024-08-30T13:44:41.461849,28452,369.625
2024-08-30T13:44:41.512410,28452,369.625
2024-08-30T13:44:41.563000,28452,369.625
2024-08-30T13:44:41.613554,28452,369.625
2024-08-30T13:44:41.664114,28452,369.625
2024-08-30T13:44:41.714676,28452,369.625
2024-08-30T13:44:41.765183,28452,369.625
2024-08-30T13:44:41.815776,28452,369.625
2024-08-30T13:44:41.866340,28452,369.625
2024-08-30T13:44:41.916900,28452,369.625
2024-08-30T13:44:41.967459,28452,369.625
2024-08-30T13:44:42.018024,28452,369.625
2024-08-30T13:44:42.068607,28452,369.625
2024-08-30T13:44:42.119097,28452,369.625
2024-08-30T13:44:42.169674,28452,369.625
2024-08-30T13:44:42.220232,28452,369.625
2024-08-30T13:44:42.270801,28452,369.625
2024-08-30T13:44:42.321380,28452,369.625
2024-08-30T13:44:42.371945,28452,369.625
2024-08-30T13:44:42.422429,28452,369.625
2024-08-30T13:44:42.472993,28452,369.625
2024-08-30T13:44:42.523548,28452,369.625
2024-08-30T13:44:42.574114,28452,369.625
2024-08-30T13:44:42.624701,28452,369.625
2024-08-30T13:44:42.675271,28452,369.625
2024-08-30T13:44:42.725758,28452,369.625
2024-08-30T13:44:42.776240,28452,369.625
2024-08-30T13:44:42.826725,28452,369.625
2024-08-30T13:44:42.877290,28452,369.625
2024-08-30T13:44:42.927857,28452,369.625
2024-08-30T13:44:42.978437,28452,369.625
2024-08-30T13:44:43.029034,28452,369.625
2024-08-30T13:44:43.079599,28452,369.625
2024-08-30T13:44:43.130090,28452,369.625
2024-08-30T13:44:43.180667,28452,369.625
2024-08-30T13:44:43.231235,28452,369.625
2024-08-30T13:44:43.281757,28452,369.625
2024-08-30T13:44:43.332284,28452,369.625
2024-08-30T13:44:43.382708,28452,369.625
2024-08-30T13:44:43.433230,28452,369.625
2024-08-30T13:44:43.483786,28452,369.625
2024-08-30T13:44:43.534348,28452,369.625
2024-08-30T13:44:43.584912,28452,369.625
2024-08-30T13:44:43.635476,28452,369.625
2024-08-30T13:44:43.686041,28452,369.625
2024-08-30T13:44:43.736622,28452,369.625
2024-08-30T13:44:43.787187,28452,369.625
2024-08-30T13:44:43.837743,28452,369.625
2024-08-30T13:44:43.888301,28452,369.625
2024-08-30T13:44:43.938870,28452,369.625
2024-08-30T13:44:43.989441,28452,369.625
2024-08-30T13:44:44.040022,28452,369.625
2024-08-30T13:44:44.090578,28452,369.625
2024-08-30T13:44:44.141142,28452,369.625
2024-08-30T13:44:44.191700,28452,369.625
2024-08-30T13:44:44.242265,28452,369.625
2024-08-30T13:44:44.292843,28452,369.625
2024-08-30T13:44:44.343429,28452,369.625
2024-08-30T13:44:44.394030,28452,369.625
2024-08-30T13:44:44.444607,28452,369.625
2024-08-30T13:44:44.495142,28452,369.625
2024-08-30T13:44:44.545759,28452,369.625
2024-08-30T13:44:44.596368,28452,369.625
2024-08-30T13:44:44.646886,28452,369.625
2024-08-30T13:44:44.697368,28452,369.625
2024-08-30T13:44:44.747855,28452,369.625
2024-08-30T13:44:44.798340,28452,369.625
2024-08-30T13:44:44.848905,28452,369.625
2024-08-30T13:44:44.899468,28452,369.625
2024-08-30T13:44:44.950034,28452,369.625
2024-08-30T13:44:45.000644,28452,369.625
2024-08-30T13:44:45.051236,28452,369.625
2024-08-30T13:44:45.101799,28452,369.625
2024-08-30T13:44:45.152358,28452,369.625
2024-08-30T13:44:45.202936,28452,369.625
2024-08-30T13:44:45.253503,28452,369.625
2024-08-30T13:44:45.304115,28452,369.625
2024-08-30T13:44:45.354659,28452,369.625
2024-08-30T13:44:45.405266,28452,369.625
2024-08-30T13:44:45.455888,28452,369.625
2024-08-30T13:44:45.506489,28452,369.625
2024-08-30T13:44:45.557054,28452,369.625
2024-08-30T13:44:45.607538,28452,369.625
2024-08-30T13:44:45.658090,28452,369.625
2024-08-30T13:44:45.708665,28452,369.625
2024-08-30T13:44:45.759235,28452,369.625
2024-08-30T13:44:45.809801,28452,369.625
2024-08-30T13:44:45.860368,28452,369.625
2024-08-30T13:44:45.910949,28452,369.625
2024-08-30T13:44:45.961514,28452,369.625
2024-08-30T13:44:46.012186,28452,369.625
2024-08-30T13:44:46.062673,28452,369.625
2024-08-30T13:44:46.113225,28452,369.625
2024-08-30T13:44:46.163786,28452,369.625
2024-08-30T13:44:46.214318,28452,369.625
2024-08-30T13:44:46.264842,28452,369.625
2024-08-30T13:44:46.315407,28452,369.625
2024-08-30T13:44:46.365969,28452,369.625
2024-08-30T13:44:46.416523,28452,369.625
2024-08-30T13:44:46.467142,28452,369.625
2024-08-30T13:44:46.517636,28452,369.625
2024-08-30T13:44:46.568191,28452,369.625
2024-08-30T13:44:46.618742,28452,369.625
2024-08-30T13:44:46.669293,28452,369.625
2024-08-30T13:44:46.719848,28452,369.625
2024-08-30T13:44:46.770401,28452,369.625
2024-08-30T13:44:46.820957,28452,369.625
2024-08-30T13:44:46.871446,28452,369.625
2024-08-30T13:44:46.921919,28452,369.625
2024-08-30T13:44:46.972367,28452,369.625
2024-08-30T13:44:47.022816,28452,369.625
2024-08-30T13:44:47.073240,28452,369.625
2024-08-30T13:44:47.123644,28452,369.625
2024-08-30T13:44:47.174055,28452,369.625
2024-08-30T13:44:47.224459,28452,369.625
2024-08-30T13:44:47.274981,28452,369.625
2024-08-30T13:44:47.325536,28452,369.625
2024-08-30T13:44:47.376091,28452,369.625
2024-08-30T13:44:47.426645,28452,369.625
2024-08-30T13:44:47.477202,28452,369.625
2024-08-30T13:44:47.527756,28452,369.625
2024-08-30T13:44:47.578322,28452,369.625
2024-08-30T13:44:47.628880,28452,369.625
2024-08-30T13:44:47.679434,28452,369.625
2024-08-30T13:44:47.730097,28452,369.625
2024-08-30T13:44:47.780606,28452,369.625
2024-08-30T13:44:47.831169,28452,369.625
2024-08-30T13:44:47.881734,28452,369.625
2024-08-30T13:44:47.932312,28452,369.625
2024-08-30T13:44:47.982900,28452,369.625
2024-08-30T13:44:48.033391,28452,369.625
2024-08-30T13:44:48.083972,28452,369.625
2024-08-30T13:44:48.134645,28452,369.625
2024-08-30T13:44:48.185283,28452,369.625
2024-08-30T13:44:48.235860,28452,369.625
2024-08-30T13:44:48.286505,28452,369.625
2024-08-30T13:44:48.337147,28452,369.625
2024-08-30T13:44:48.387686,28452,369.625
2024-08-30T13:44:48.438262,28452,369.625
2024-08-30T13:44:48.488748,28452,369.625
2024-08-30T13:44:48.539311,28452,369.625
2024-08-30T13:44:48.589898,28452,369.625
2024-08-30T13:44:48.640501,28452,369.625
2024-08-30T13:44:48.691049,28452,369.625
2024-08-30T13:44:48.741637,28452,369.625
2024-08-30T13:44:48.792195,28452,369.625
2024-08-30T13:44:48.842758,28452,369.625
2024-08-30T13:44:48.893325,28452,369.625
2024-08-30T13:44:48.943888,28452,369.625
2024-08-30T13:44:48.994451,28452,369.625
2024-08-30T13:44:49.045017,28452,369.625
2024-08-30T13:44:49.095586,28452,369.625
2024-08-30T13:44:49.146143,28452,369.625
2024-08-30T13:44:49.196727,28452,369.625
2024-08-30T13:44:49.247289,28452,369.625
2024-08-30T13:44:49.297797,28452,369.625
2024-08-30T13:44:49.348382,28452,369.625
2024-08-30T13:44:49.398976,28452,369.625
2024-08-30T13:44:49.449540,28452,369.625
2024-08-30T13:44:49.500116,28452,369.625
2024-08-30T13:44:49.550679,28452,369.625
2024-08-30T13:44:49.601241,28452,369.625
2024-08-30T13:44:49.651806,28452,369.625
2024-08-30T13:44:49.702370,28452,369.625
2024-08-30T13:44:49.752925,28452,369.625
2024-08-30T13:44:49.803525,28452,369.625
2024-08-30T13:44:49.854010,28452,369.625
2024-08-30T13:44:49.904597,28452,369.625
2024-08-30T13:44:49.955161,28452,369.625
2024-08-30T13:44:50.005736,28452,369.625
2024-08-30T13:44:50.056306,28452,369.625
2024-08-30T13:44:50.106897,28452,369.625
2024-08-30T13:44:50.157382,28452,369.625
2024-08-30T13:44:50.207937,28452,369.625
2024-08-30T13:44:50.258422,28452,369.625
2024-08-30T13:44:50.308992,28452,369.625
2024-08-30T13:44:50.359493,28452,369.625
2024-08-30T13:44:50.410057,28452,369.625
2024-08-30T13:44:50.460636,28452,369.625
2024-08-30T13:44:50.511212,28452,369.625
2024-08-30T13:44:50.561792,28452,369.625
2024-08-30T13:44:50.612375,28452,369.625
2024-08-30T13:44:50.662968,28452,369.625
2024-08-30T13:44:50.713532,28452,369.625
2024-08-30T13:44:50.764093,28452,369.625
2024-08-30T13:44:50.814653,28452,369.625
2024-08-30T13:44:50.865219,28452,369.625
2024-08-30T13:44:50.915784,28452,369.625
2024-08-30T13:44:50.966350,28452,369.625
2024-08-30T13:44:51.016912,28452,369.625
2024-08-30T13:44:51.067481,28452,369.625
2024-08-30T13:44:51.118043,28452,369.625
2024-08-30T13:44:51.168620,28452,369.625
2024-08-30T13:44:51.219186,28452,369.625
2024-08-30T13:44:51.269751,28452,369.625
2024-08-30T13:44:51.320325,28452,369.625
2024-08-30T13:44:51.370916,28452,369.625
2024-08-30T13:44:51.421474,28452,369.625
2024-08-30T13:44:51.472035,28452,369.625
2024-08-30T13:44:51.522598,28452,369.625
2024-08-30T13:44:51.573182,28452,369.625
2024-08-30T13:44:51.623741,28452,369.625
2024-08-30T13:44:51.674304,28452,369.625
2024-08-30T13:44:51.724860,28452,369.625
2024-08-30T13:44:51.775442,28452,369.625
2024-08-30T13:44:51.826045,28452,369.625
2024-08-30T13:44:51.876549,28452,369.625
2024-08-30T13:44:51.927134,28452,369.625
2024-08-30T13:44:51.977620,28452,369.625
2024-08-30T13:44:52.028201,28452,369.625
2024-08-30T13:44:52.078764,28452,369.625
2024-08-30T13:44:52.129326,28452,369.625
2024-08-30T13:44:52.179896,28452,369.625
2024-08-30T13:44:52.230460,28452,369.625
2024-08-30T13:44:52.281025,28452,369.625
2024-08-30T13:44:52.331565,28452,369.625
2024-08-30T13:44:52.382184,28452,369.625
2024-08-30T13:44:52.432807,28452,369.625
2024-08-30T13:44:52.483421,28452,369.625
2024-08-30T13:44:52.534019,28452,369.625
2024-08-30T13:44:52.584596,28452,369.625
2024-08-30T13:44:52.635158,28452,369.625
2024-08-30T13:44:52.685724,28452,369.625
2024-08-30T13:44:52.736295,28452,369.625
2024-08-30T13:44:52.786805,28452,369.625
2024-08-30T13:44:52.837293,28452,369.625
2024-08-30T13:44:52.887766,28452,369.625
2024-08-30T13:44:52.938213,28452,369.625
2024-08-30T13:44:52.988688,28452,369.625
2024-08-30T13:44:53.039117,28452,369.625
2024-08-30T13:44:53.089576,28452,369.625
2024-08-30T13:44:53.140013,28452,369.625
2024-08-30T13:44:53.190467,28452,369.625
2024-08-30T13:44:53.240900,28452,369.625
2024-08-30T13:44:53.291361,28452,369.625
2024-08-30T13:44:53.341800,28452,369.625
2024-08-30T13:44:53.392247,28452,369.625
2024-08-30T13:44:53.442682,28452,369.625
2024-08-30T13:44:53.493120,28452,369.625
2024-08-30T13:44:53.543547,28452,369.625
2024-08-30T13:44:53.593980,28452,369.625
2024-08-30T13:44:53.644424,28452,369.625
2024-08-30T13:44:53.694871,28452,369.625
2024-08-30T13:44:53.745315,28452,369.625
2024-08-30T13:44:53.795770,28452,369.625
2024-08-30T13:44:53.846205,28452,369.625
2024-08-30T13:44:53.896672,28452,369.625
2024-08-30T13:44:53.947106,28452,369.625
2024-08-30T13:44:53.997550,28452,369.625
2024-08-30T13:44:54.047981,28452,369.625
2024-08-30T13:44:54.098428,28452,369.625
2024-08-30T13:44:54.148848,28452,369.625
2024-08-30T13:44:54.199275,28452,369.625
2024-08-30T13:44:54.249710,28452,369.625
2024-08-30T13:44:54.300154,28452,369.625
2024-08-30T13:44:54.350583,28452,369.625
2024-08-30T13:44:54.401024,28452,369.625
2024-08-30T13:44:54.451471,28452,369.625
2024-08-30T13:44:54.501912,28452,369.625
2024-08-30T13:44:54.552359,28452,369.625
2024-08-30T13:44:54.602829,28452,369.625
2024-08-30T13:44:54.653261,28452,369.625
2024-08-30T13:44:54.703689,28452,369.625
2024-08-30T13:44:54.754101,28452,369.625
2024-08-30T13:44:54.804514,28452,369.625
2024-08-30T13:44:54.854926,28452,369.625
2024-08-30T13:44:54.905321,28452,369.625
2024-08-30T13:44:54.955694,28452,369.625
2024-08-30T13:44:55.006075,28452,369.625
2024-08-30T13:44:55.056445,28452,369.625
2024-08-30T13:44:55.106837,28452,369.625
2024-08-30T13:44:55.157208,28452,369.625
2024-08-30T13:44:55.207705,28452,369.625
2024-08-30T13:44:55.258269,28452,369.625
2024-08-30T13:44:55.308795,28452,369.625
2024-08-30T13:44:55.359282,28452,369.625
2024-08-30T13:44:55.409738,28452,369.625
2024-08-30T13:44:55.460187,28452,369.625
2024-08-30T13:44:55.510628,28452,369.625
2024-08-30T13:44:55.561053,28452,369.625
2024-08-30T13:44:55.611503,28452,369.625
2024-08-30T13:44:55.661924,28452,369.625
2024-08-30T13:44:55.712460,28452,369.625
2024-08-30T13:44:55.763047,28452,369.625
2024-08-30T13:44:55.813608,28452,369.625
2024-08-30T13:44:55.864168,28452,369.625
2024-08-30T13:44:55.914735,28452,369.625
2024-08-30T13:44:55.965292,28452,369.625
2024-08-30T13:44:56.015857,28452,369.625
2024-08-30T13:44:56.066429,28452,369.625
2024-08-30T13:44:56.116997,28452,369.625
2024-08-30T13:44:56.167563,28452,369.625
2024-08-30T13:44:56.218132,28452,369.625
2024-08-30T13:44:56.268713,28452,369.625
2024-08-30T13:44:56.319301,28452,369.625
2024-08-30T13:44:56.369789,28452,369.625
2024-08-30T13:44:56.420348,28452,369.625
2024-08-30T13:44:56.470942,28452,369.625
2024-08-30T13:44:56.521521,28452,369.625
2024-08-30T13:44:56.572107,28452,369.625
2024-08-30T13:44:56.622692,28452,369.625
2024-08-30T13:44:56.673289,28452,369.625
2024-08-30T13:44:56.723865,28452,369.625
2024-08-30T13:44:56.774429,28452,369.625
2024-08-30T13:44:56.824990,28452,369.625
2024-08-30T13:44:56.875546,28452,369.625
2024-08-30T13:44:56.926108,28452,369.625
2024-08-30T13:44:56.976686,28452,369.625
2024-08-30T13:44:57.027253,28452,369.625
2024-08-30T13:44:57.077817,28452,369.625
2024-08-30T13:44:57.128387,28452,369.625
2024-08-30T13:44:57.178937,28452,369.625
2024-08-30T13:44:57.229536,28452,369.625
2024-08-30T13:44:57.280097,28452,369.625
2024-08-30T13:44:57.330707,28452,369.625
2024-08-30T13:44:57.381339,28452,369.625
2024-08-30T13:44:57.431951,28452,369.625
2024-08-30T13:44:57.482455,28452,369.625
2024-08-30T13:44:57.532945,28452,369.625
2024-08-30T13:44:57.583407,28452,369.625
2024-08-30T13:44:57.634015,28452,369.625
2024-08-30T13:44:57.684630,28452,369.625
2024-08-30T13:44:57.735216,28452,369.625
2024-08-30T13:44:57.785778,28452,369.625
2024-08-30T13:44:57.836347,28452,369.625
2024-08-30T13:44:57.886936,28452,369.625
2024-08-30T13:44:57.937500,28452,369.625
2024-08-30T13:44:57.988066,28452,369.625
2024-08-30T13:44:58.038632,28452,369.625
2024-08-30T13:44:58.089130,28452,369.625
2024-08-30T13:44:58.139700,28452,369.625
2024-08-30T13:44:58.190259,28452,369.625
2024-08-30T13:44:58.240822,28452,369.625
2024-08-30T13:44:58.291365,28452,369.625
2024-08-30T13:44:58.341984,28452,369.625
2024-08-30T13:44:58.392550,28452,369.625
2024-08-30T13:44:58.443051,28452,369.625
2024-08-30T13:44:58.493551,28452,369.625
2024-08-30T13:44:58.544137,28452,369.625
2024-08-30T13:44:58.594714,28452,369.625
2024-08-30T13:44:58.645316,28452,369.625
2024-08-30T13:44:58.695924,28452,369.625
2024-08-30T13:44:58.746566,28452,369.625
2024-08-30T13:44:58.797162,28452,369.625
2024-08-30T13:44:58.847772,28452,369.625
2024-08-30T13:44:58.898387,28452,369.625
2024-08-30T13:44:58.949019,28452,369.625
2024-08-30T13:44:58.999680,28452,369.625
2024-08-30T13:44:59.050212,28452,369.625
2024-08-30T13:44:59.100776,28452,369.625
2024-08-30T13:44:59.151418,28452,369.625
2024-08-30T13:44:59.202000,28452,369.625
2024-08-30T13:44:59.252649,28452,369.625
2024-08-30T13:44:59.303222,28452,369.625
2024-08-30T13:44:59.353794,28452,369.625
2024-08-30T13:44:59.404318,28452,369.625
2024-08-30T13:44:59.454887,28452,369.625
2024-08-30T13:44:59.505420,28452,369.625
2024-08-30T13:44:59.555862,28452,369.625
2024-08-30T13:44:59.606292,28452,369.625
2024-08-30T13:44:59.656763,28452,369.625
2024-08-30T13:44:59.707345,28452,369.625
2024-08-30T13:44:59.757964,28452,369.625
2024-08-30T13:44:59.808549,28452,369.625
2024-08-30T13:44:59.859063,28452,369.625
2024-08-30T13:44:59.909636,28452,369.625
2024-08-30T13:44:59.960224,28452,369.625
2024-08-30T13:45:00.010812,28452,369.625
2024-08-30T13:45:00.061402,28452,369.625
2024-08-30T13:45:00.112001,28452,369.625
2024-08-30T13:45:00.162597,28452,369.625
2024-08-30T13:45:00.213160,28452,369.625
2024-08-30T13:45:00.263728,28452,369.625
2024-08-30T13:45:00.314302,28452,369.625
2024-08-30T13:45:00.364820,28452,369.625
2024-08-30T13:45:00.415404,28452,369.625
2024-08-30T13:45:00.465985,28452,369.625
2024-08-30T13:45:00.516575,28452,369.625
2024-08-30T13:45:00.567187,28452,369.625
2024-08-30T13:45:00.617815,28452,369.625
2024-08-30T13:45:00.668430,28452,369.625
2024-08-30T13:45:00.719046,28452,369.625
2024-08-30T13:45:00.769649,28452,369.625
2024-08-30T13:45:00.820253,28452,369.625
2024-08-30T13:45:00.870855,28452,369.625
2024-08-30T13:45:00.921459,28452,369.625
2024-08-30T13:45:00.972097,28452,369.625
2024-08-30T13:45:01.022737,28452,369.625
2024-08-30T13:45:01.073374,28452,369.625
2024-08-30T13:45:01.123982,28452,369.625
2024-08-30T13:45:01.174596,28452,369.625
2024-08-30T13:45:01.225270,28452,369.625
2024-08-30T13:45:01.275845,28452,369.625
2024-08-30T13:45:01.326350,28452,369.625
2024-08-30T13:45:01.376823,28452,369.625
2024-08-30T13:45:01.427415,28452,369.625
2024-08-30T13:45:01.477935,28452,369.625
2024-08-30T13:45:01.528609,28452,369.625
2024-08-30T13:45:01.579216,28452,369.625
2024-08-30T13:45:01.629778,28452,369.625
2024-08-30T13:45:01.680263,28452,369.625
2024-08-30T13:45:01.730725,28452,369.625
2024-08-30T13:45:01.781198,28452,369.625
2024-08-30T13:45:01.831760,28452,369.625
2024-08-30T13:45:01.882322,28452,369.625
2024-08-30T13:45:01.932803,28452,369.625
2024-08-30T13:45:01.983330,28452,369.625
2024-08-30T13:45:02.033971,28452,369.625
2024-08-30T13:45:02.084598,28452,369.625
2024-08-30T13:45:02.135181,28452,369.625
2024-08-30T13:45:02.185697,28452,369.625
2024-08-30T13:45:02.236186,28452,369.625
2024-08-30T13:45:02.286714,28452,369.625
2024-08-30T13:45:02.337275,28452,369.625
2024-08-30T13:45:02.387924,28452,369.625
2024-08-30T13:45:02.438497,28452,369.625
2024-08-30T13:45:02.489105,28452,369.625
2024-08-30T13:45:02.539673,28452,369.625
2024-08-30T13:45:02.590236,28452,369.625
2024-08-30T13:45:02.640795,28452,369.625
2024-08-30T13:45:02.691359,28452,369.625
2024-08-30T13:45:02.741941,28452,369.625
2024-08-30T13:45:02.792505,28452,369.625
2024-08-30T13:45:02.843088,28452,369.625
2024-08-30T13:45:02.893658,28452,369.625
2024-08-30T13:45:02.944237,28452,369.625
2024-08-30T13:45:02.994816,28452,369.625
2024-08-30T13:45:03.045380,28452,369.625
2024-08-30T13:45:03.095943,28452,369.625
2024-08-30T13:45:03.146482,28452,369.625
2024-08-30T13:45:03.197083,28452,369.625
2024-08-30T13:45:03.247592,28452,369.625
2024-08-30T13:45:03.298131,28452,369.625
2024-08-30T13:45:03.348726,28452,369.625
2024-08-30T13:45:03.399305,28452,369.625
2024-08-30T13:45:03.449891,28452,369.625
2024-08-30T13:45:03.500488,28452,369.625
2024-08-30T13:45:03.551110,28452,369.625
2024-08-30T13:45:03.601630,28452,369.625
2024-08-30T13:45:03.652156,28452,369.625
2024-08-30T13:45:03.702677,28452,369.625
2024-08-30T13:45:03.753202,28452,369.625
2024-08-30T13:45:03.803815,28452,369.625
2024-08-30T13:45:03.854327,28452,369.625
2024-08-30T13:45:03.904903,28452,369.625
2024-08-30T13:45:03.955460,28452,369.625
2024-08-30T13:45:04.006043,28452,369.625
2024-08-30T13:45:04.056645,28452,369.625
2024-08-30T13:45:04.107216,28452,369.625
2024-08-30T13:45:04.157777,28452,369.625
2024-08-30T13:45:04.208342,28452,369.625
2024-08-30T13:45:04.258840,28452,369.625
2024-08-30T13:45:04.309400,28452,369.625
2024-08-30T13:45:04.359989,28452,369.625
2024-08-30T13:45:04.410480,28452,369.625
2024-08-30T13:45:04.461040,28452,369.625
2024-08-30T13:45:04.511653,28452,369.625
2024-08-30T13:45:04.562277,28452,369.625
2024-08-30T13:45:04.612855,28452,369.625
2024-08-30T13:45:04.663433,28452,369.625
2024-08-30T13:45:04.713999,28452,369.625
2024-08-30T13:45:04.764481,28452,369.625
2024-08-30T13:45:04.815072,28452,369.625
2024-08-30T13:45:04.865643,28452,369.625
2024-08-30T13:45:04.916210,28452,369.625
2024-08-30T13:45:04.966771,28452,369.625
2024-08-30T13:45:05.017256,28452,369.625
2024-08-30T13:45:05.067822,28452,369.625
2024-08-30T13:45:05.118406,28452,369.625
2024-08-30T13:45:05.168980,28452,369.625
2024-08-30T13:45:05.219559,28452,369.625
2024-08-30T13:45:05.270130,28452,369.625
2024-08-30T13:45:05.320710,28452,369.625
2024-08-30T13:45:05.371271,28452,369.625
2024-08-30T13:45:05.421745,28452,369.625
2024-08-30T13:45:05.472311,28452,369.625
2024-08-30T13:45:05.522891,28452,369.625
2024-08-30T13:45:05.573475,28452,369.625
2024-08-30T13:45:05.624047,28452,369.625
2024-08-30T13:45:05.674606,28452,369.625
2024-08-30T13:45:05.725164,28452,369.625
2024-08-30T13:45:05.775728,28452,369.625
2024-08-30T13:45:05.826291,28452,369.625
2024-08-30T13:45:05.876849,28452,369.625
2024-08-30T13:45:05.927406,28452,369.625
2024-08-30T13:45:05.977974,28452,369.625
2024-08-30T13:45:06.028539,28452,369.625
2024-08-30T13:45:06.079144,28452,369.625
2024-08-30T13:45:06.129704,28452,369.625
2024-08-30T13:45:06.180274,28452,369.625
2024-08-30T13:45:06.230838,28452,369.625
2024-08-30T13:45:06.281407,28452,369.625
2024-08-30T13:45:06.331969,28452,369.625
2024-08-30T13:45:06.382536,28452,369.625
2024-08-30T13:45:06.433103,28452,369.625
2024-08-30T13:45:06.483634,28452,369.625
2024-08-30T13:45:06.534184,28452,369.625
2024-08-30T13:45:06.584704,28452,369.625
2024-08-30T13:45:06.635193,28452,369.625
2024-08-30T13:45:06.685631,28452,369.625
2024-08-30T13:45:06.736163,28452,369.625
2024-08-30T13:45:06.786695,28452,369.625
2024-08-30T13:45:06.837260,28452,369.625
2024-08-30T13:45:06.887824,28452,369.625
2024-08-30T13:45:06.938390,28452,369.625
2024-08-30T13:45:06.988956,28452,369.625
2024-08-30T13:45:07.039530,28452,369.625
2024-08-30T13:45:07.090098,28452,369.625
2024-08-30T13:45:07.140677,28452,369.625
2024-08-30T13:45:07.191225,28452,369.625
2024-08-30T13:45:07.241831,28452,369.625
2024-08-30T13:45:07.292400,28452,369.625
2024-08-30T13:45:07.342996,28452,369.625
2024-08-30T13:45:07.393565,28452,369.625
2024-08-30T13:45:07.444061,28452,369.625
2024-08-30T13:45:07.494627,28452,369.625
2024-08-30T13:45:07.545108,28452,369.625
2024-08-30T13:45:07.595604,28452,369.625
2024-08-30T13:45:07.646096,28452,369.625
2024-08-30T13:45:07.696655,28452,369.625
2024-08-30T13:45:07.747182,28452,369.625
2024-08-30T13:45:07.797666,28452,369.625
2024-08-30T13:45:07.848121,28452,369.625
2024-08-30T13:45:07.898586,28452,369.625
2024-08-30T13:45:07.949032,28452,369.625
2024-08-30T13:45:07.999447,28452,369.625
2024-08-30T13:45:08.049839,28452,369.625
2024-08-30T13:45:08.100233,28452,369.625
2024-08-30T13:45:08.150619,28452,369.625
2024-08-30T13:45:08.201004,28452,369.625
2024-08-30T13:45:08.251528,28452,369.625
2024-08-30T13:45:08.302105,28452,369.625
2024-08-30T13:45:08.352679,28452,369.625
2024-08-30T13:45:08.403257,28452,369.625
2024-08-30T13:45:08.453835,28452,369.625
2024-08-30T13:45:08.504391,28452,369.625
2024-08-30T13:45:08.554971,28452,369.625
2024-08-30T13:45:08.605526,28452,369.625
2024-08-30T13:45:08.656086,28452,369.625
2024-08-30T13:45:08.706640,28452,369.625
2024-08-30T13:45:08.757215,28452,369.625
2024-08-30T13:45:08.807790,28452,369.625
2024-08-30T13:45:08.858356,28452,369.625
2024-08-30T13:45:08.908859,28452,369.625
2024-08-30T13:45:08.959432,28452,369.625
2024-08-30T13:45:09.009927,28452,369.625
2024-08-30T13:45:09.060487,28452,369.625
2024-08-30T13:45:09.111099,28452,369.625
2024-08-30T13:45:09.161655,28452,369.625
2024-08-30T13:45:09.212239,28452,369.625
2024-08-30T13:45:09.262848,28452,369.625
2024-08-30T13:45:09.313376,28452,369.625
2024-08-30T13:45:09.363951,28452,369.625
2024-08-30T13:45:09.414443,28452,369.625
2024-08-30T13:45:09.465008,28452,369.625
2024-08-30T13:45:09.515575,28452,369.625
2024-08-30T13:45:09.566145,28452,369.625
2024-08-30T13:45:09.616757,28452,369.625
2024-08-30T13:45:09.667327,28452,369.625
2024-08-30T13:45:09.717830,28452,369.625
2024-08-30T13:45:09.768388,28452,369.625
2024-08-30T13:45:09.818917,28452,369.625
2024-08-30T13:45:09.869408,28452,369.625
2024-08-30T13:45:09.919971,28452,369.625
2024-08-30T13:45:09.970530,28452,369.625
2024-08-30T13:45:10.021015,28452,369.625
2024-08-30T13:45:10.071574,28452,369.625
2024-08-30T13:45:10.122074,28452,369.625
2024-08-30T13:45:10.172676,28452,369.625
2024-08-30T13:45:10.223233,28452,369.625
2024-08-30T13:45:10.273722,28452,369.625
2024-08-30T13:45:10.324287,28452,369.625
2024-08-30T13:45:10.374862,28452,369.625
2024-08-30T13:45:10.425448,28452,369.625
2024-08-30T13:45:10.476008,28452,369.625
2024-08-30T13:45:10.526568,28452,369.625
2024-08-30T13:45:10.577061,28452,369.625
2024-08-30T13:45:10.627630,28452,369.625
2024-08-30T13:45:10.678187,28452,369.625
2024-08-30T13:45:10.728744,28452,369.625
2024-08-30T13:45:10.779307,28452,369.625
2024-08-30T13:45:10.829800,28452,369.625
2024-08-30T13:45:10.880376,28452,369.625
2024-08-30T13:45:10.930982,28452,369.625
2024-08-30T13:45:10.981467,28452,369.625
2024-08-30T13:45:11.032023,28452,369.625
2024-08-30T13:45:11.082598,28452,369.625
2024-08-30T13:45:11.133152,28452,369.625
2024-08-30T13:45:11.183716,28452,369.625
2024-08-30T13:45:11.234288,28452,369.625
2024-08-30T13:45:11.284847,28452,369.625
2024-08-30T13:45:11.335405,28452,369.625
2024-08-30T13:45:11.385899,28452,369.625
2024-08-30T13:45:11.436412,28452,369.625
2024-08-30T13:45:11.486916,28452,369.625
2024-08-30T13:45:11.537343,28452,369.625
2024-08-30T13:45:11.587759,28452,369.625
2024-08-30T13:45:11.638180,28452,369.625
2024-08-30T13:45:11.688618,28452,369.625
2024-08-30T13:45:11.739029,28452,369.625
2024-08-30T13:45:11.789447,28452,369.625
2024-08-30T13:45:11.839857,28452,369.625
2024-08-30T13:45:11.890257,28452,369.625
2024-08-30T13:45:11.940819,28452,369.625
2024-08-30T13:45:11.991309,28452,369.625
2024-08-30T13:45:12.041800,28452,369.625
2024-08-30T13:45:12.092361,28452,369.625
2024-08-30T13:45:12.142968,28452,369.625
2024-08-30T13:45:12.193534,28452,369.625
2024-08-30T13:45:12.244011,28452,369.625
2024-08-30T13:45:12.294492,28452,369.625
2024-08-30T13:45:12.344972,28452,369.625
2024-08-30T13:45:12.395530,28452,369.625
2024-08-30T13:45:12.446015,28452,369.625
2024-08-30T13:45:12.496613,28452,369.625
2024-08-30T13:45:12.547130,28452,369.625
2024-08-30T13:45:12.597618,28452,369.625
2024-08-30T13:45:12.648176,28452,369.625
2024-08-30T13:45:12.698734,28452,369.625
2024-08-30T13:45:12.749216,28452,369.625
2024-08-30T13:45:12.799697,28452,369.625
2024-08-30T13:45:12.850164,28452,369.625
2024-08-30T13:45:12.900639,28452,369.625
2024-08-30T13:45:12.951108,28452,369.625
2024-08-30T13:45:13.001581,28452,369.625
2024-08-30T13:45:13.052060,28452,369.625
2024-08-30T13:45:13.102616,28452,369.625
2024-08-30T13:45:13.153099,28452,369.625
2024-08-30T13:45:13.203671,28452,369.625
2024-08-30T13:45:13.254162,28452,369.625
2024-08-30T13:45:13.304678,28452,369.625
2024-08-30T13:45:13.355239,28452,369.625
2024-08-30T13:45:13.405800,28452,369.625
2024-08-30T13:45:13.456357,28452,369.625
2024-08-30T13:45:13.506965,28452,369.625
2024-08-30T13:45:13.557462,28452,369.625
2024-08-30T13:45:13.608030,28452,369.625
2024-08-30T13:45:13.658582,28452,369.625
2024-08-30T13:45:13.709062,28452,369.625
2024-08-30T13:45:13.759616,28452,369.625
2024-08-30T13:45:13.810177,28452,369.625
2024-08-30T13:45:13.860761,28452,369.625
2024-08-30T13:45:13.911312,28452,369.625
2024-08-30T13:45:13.961870,28452,369.625
2024-08-30T13:45:14.012430,28452,369.625
2024-08-30T13:45:14.063053,28452,369.625
2024-08-30T13:45:14.113552,28452,369.625
2024-08-30T13:45:14.164106,28452,369.625
2024-08-30T13:45:14.214661,28452,369.625
2024-08-30T13:45:14.265141,28452,369.625
2024-08-30T13:45:14.315709,28452,369.625
2024-08-30T13:45:14.366278,28452,369.625
2024-08-30T13:45:14.416794,28452,369.625
2024-08-30T13:45:14.467369,28452,369.625
2024-08-30T13:45:14.517924,28452,369.625
2024-08-30T13:45:14.568512,28452,369.625
2024-08-30T13:45:14.619179,28452,369.625
2024-08-30T13:45:14.669744,28452,369.625
2024-08-30T13:45:14.720306,28452,369.625
2024-08-30T13:45:14.770900,28452,369.625
2024-08-30T13:45:14.821380,28452,369.625
2024-08-30T13:45:14.871936,28452,369.625
2024-08-30T13:45:14.922487,28452,369.625
2024-08-30T13:45:14.972965,28452,369.625
2024-08-30T13:45:15.023519,28452,369.625
2024-08-30T13:45:15.073997,28452,369.625
2024-08-30T13:45:15.124598,28452,369.625
2024-08-30T13:45:15.175186,28452,369.625
2024-08-30T13:45:15.225667,28452,369.625
2024-08-30T13:45:15.276150,28452,369.625
2024-08-30T13:45:15.326720,28452,369.625
2024-08-30T13:45:15.377207,28452,369.625
2024-08-30T13:45:15.427758,28452,369.625
2024-08-30T13:45:15.478314,28452,369.625
2024-08-30T13:45:15.528870,28452,369.625
2024-08-30T13:45:15.579425,28452,369.625
2024-08-30T13:45:15.629981,28452,369.625
2024-08-30T13:45:15.680642,28452,369.625
2024-08-30T13:45:15.731223,28452,369.625
2024-08-30T13:45:15.781704,28452,369.625
2024-08-30T13:45:15.832251,28452,369.625
2024-08-30T13:45:15.882811,28452,369.625
2024-08-30T13:45:15.933293,28452,369.625
2024-08-30T13:45:15.983843,28452,369.625
2024-08-30T13:45:16.034379,28452,369.625
2024-08-30T13:45:16.084950,28452,369.625
2024-08-30T13:45:16.135511,28452,369.625
2024-08-30T13:45:16.186008,28452,369.625
2024-08-30T13:45:16.236608,28452,369.625
2024-08-30T13:45:16.287163,28452,369.625
2024-08-30T13:45:16.337713,28452,369.625
2024-08-30T13:45:16.388266,28452,369.625
2024-08-30T13:45:16.438823,28452,369.625
2024-08-30T13:45:16.489388,28452,369.625
2024-08-30T13:45:16.539965,28452,369.625
2024-08-30T13:45:16.590536,28452,369.625
2024-08-30T13:45:16.641100,28452,369.625
2024-08-30T13:45:16.691590,28452,369.625
2024-08-30T13:45:16.742158,28452,369.625
2024-08-30T13:45:16.792744,28452,369.625
2024-08-30T13:45:16.843300,28452,369.625
2024-08-30T13:45:16.893851,28452,369.625
2024-08-30T13:45:16.944400,28452,369.625
2024-08-30T13:45:16.994979,28452,369.625
2024-08-30T13:45:17.045538,28452,369.625
2024-08-30T13:45:17.096045,28452,369.625
2024-08-30T13:45:17.146535,28452,369.625
2024-08-30T13:45:17.196996,28452,369.625
2024-08-30T13:45:17.247554,28452,369.625
2024-08-30T13:45:17.298120,28452,369.625
2024-08-30T13:45:17.348698,28452,369.625
2024-08-30T13:45:17.399288,28452,369.625
2024-08-30T13:45:17.449841,28452,369.625
2024-08-30T13:45:17.500402,28452,369.625
2024-08-30T13:45:17.550985,28452,369.625
2024-08-30T13:45:17.601547,28452,369.625
2024-08-30T13:45:17.652113,28452,369.625
2024-08-30T13:45:17.702682,28452,369.625
2024-08-30T13:45:17.753254,28452,369.625
2024-08-30T13:45:17.803823,28452,369.625
2024-08-30T13:45:17.854387,28452,369.625
2024-08-30T13:45:17.904944,28452,369.625
2024-08-30T13:45:17.955493,28452,369.625
2024-08-30T13:45:18.005976,28452,369.625
2024-08-30T13:45:18.056463,28452,369.625
2024-08-30T13:45:18.107072,28452,369.625
2024-08-30T13:45:18.157560,28452,369.625
2024-08-30T13:45:18.208116,28452,369.625
2024-08-30T13:45:18.258599,28452,369.625
2024-08-30T13:45:18.309095,28452,369.625
2024-08-30T13:45:18.359665,28452,369.625
2024-08-30T13:45:18.410224,28452,369.625
2024-08-30T13:45:18.460778,28452,369.625
2024-08-30T13:45:18.511334,28452,369.625
2024-08-30T13:45:18.561893,28452,369.625
2024-08-30T13:45:18.612443,28452,369.625
2024-08-30T13:45:18.663037,28452,369.625
2024-08-30T13:45:18.713602,28452,369.625
2024-08-30T13:45:18.764172,28452,369.625
2024-08-30T13:45:18.814739,28452,369.625
2024-08-30T13:45:18.865310,28452,369.625
2024-08-30T13:45:18.915824,28452,369.625
2024-08-30T13:45:18.966344,28452,369.625
2024-08-30T13:45:19.016788,28452,369.625
2024-08-30T13:45:19.067244,28452,369.625
2024-08-30T13:45:19.117683,28452,369.625
2024-08-30T13:45:19.168126,28452,369.625
2024-08-30T13:45:19.218590,28452,369.625
2024-08-30T13:45:19.269065,28452,369.625
2024-08-30T13:45:19.319518,28452,369.625
2024-08-30T13:45:19.369973,28452,369.625
2024-08-30T13:45:19.420431,28452,369.625
2024-08-30T13:45:19.470909,28452,369.625
2024-08-30T13:45:19.521345,28452,369.625
2024-08-30T13:45:19.571781,28452,369.625
2024-08-30T13:45:19.622221,28452,369.625
2024-08-30T13:45:19.672673,28452,369.625
2024-08-30T13:45:19.723102,28452,369.625
2024-08-30T13:45:19.773542,28452,369.625
2024-08-30T13:45:19.823989,28452,369.625
2024-08-30T13:45:19.874430,28452,369.625
2024-08-30T13:45:19.924872,28452,369.625
2024-08-30T13:45:19.975317,28452,369.625
2024-08-30T13:45:20.025749,28452,369.625
2024-08-30T13:45:20.076192,28452,369.625
2024-08-30T13:45:20.126615,28452,369.625
2024-08-30T13:45:20.177051,28452,369.625
2024-08-30T13:45:20.227475,28452,369.625
2024-08-30T13:45:20.277910,28452,369.625
2024-08-30T13:45:20.328316,28452,369.625
2024-08-30T13:45:20.378749,28452,369.625
2024-08-30T13:45:20.429185,28452,369.625
2024-08-30T13:45:20.479629,28452,369.625
2024-08-30T13:45:20.530062,28452,369.625
2024-08-30T13:45:20.580525,28452,369.625
2024-08-30T13:45:20.631005,28452,369.625
2024-08-30T13:45:20.681450,28452,369.625
2024-08-30T13:45:20.731885,28452,369.625
2024-08-30T13:45:20.782327,28452,369.625
2024-08-30T13:45:20.832747,28452,369.625
2024-08-30T13:45:20.883181,28452,369.625
2024-08-30T13:45:20.933633,28452,369.625
2024-08-30T13:45:20.984106,28452,369.625
2024-08-30T13:45:21.034550,28452,369.625
2024-08-30T13:45:21.084998,28452,369.625
2024-08-30T13:45:21.135432,28452,369.625
2024-08-30T13:45:21.185870,28452,369.625
2024-08-30T13:45:21.236318,28452,369.625
2024-08-30T13:45:21.286796,28452,369.625
2024-08-30T13:45:21.337254,28452,369.625
2024-08-30T13:45:21.387712,28452,369.625
2024-08-30T13:45:21.438160,28452,369.625
2024-08-30T13:45:21.488633,28452,369.625
2024-08-30T13:45:21.539080,28452,369.625
2024-08-30T13:45:21.589520,28452,369.625
2024-08-30T13:45:21.639942,28452,369.625
2024-08-30T13:45:21.690383,28452,369.625
2024-08-30T13:45:21.740814,28452,369.625
2024-08-30T13:45:21.791261,28452,369.625
2024-08-30T13:45:21.841716,28452,369.625
2024-08-30T13:45:21.892158,28452,369.625
2024-08-30T13:45:21.942612,28452,369.625
2024-08-30T13:45:21.993068,28452,369.625
2024-08-30T13:45:22.043526,28452,369.625
2024-08-30T13:45:22.093983,28452,369.625
2024-08-30T13:45:22.144440,28452,369.625
2024-08-30T13:45:22.194922,28452,369.625
2024-08-30T13:45:22.245383,28452,369.625
2024-08-30T13:45:22.295823,28452,369.625
2024-08-30T13:45:22.346258,28452,369.625
2024-08-30T13:45:22.396718,28452,369.625
2024-08-30T13:45:22.447167,28452,369.625
2024-08-30T13:45:22.497623,28452,369.625
2024-08-30T13:45:22.548079,28452,369.625
2024-08-30T13:45:22.598553,28452,369.625
2024-08-30T13:45:22.649009,28452,369.625
2024-08-30T13:45:22.699455,28452,369.625
2024-08-30T13:45:22.749911,28452,369.625
2024-08-30T13:45:22.800353,28452,369.625
2024-08-30T13:45:22.850827,28452,369.625
2024-08-30T13:45:22.901263,28452,369.625
2024-08-30T13:45:22.951720,28452,369.625
2024-08-30T13:45:23.002163,28452,369.625
2024-08-30T13:45:23.052622,28452,369.625
2024-08-30T13:45:23.103080,28452,369.625
2024-08-30T13:45:23.153530,28452,369.625
2024-08-30T13:45:23.203966,28452,369.625
2024-08-30T13:45:23.254403,28452,369.625
2024-08-30T13:45:23.304854,28452,369.625
2024-08-30T13:45:23.355309,28452,369.625
2024-08-30T13:45:23.405777,28452,369.625
2024-08-30T13:45:23.456242,28452,369.625
2024-08-30T13:45:23.506700,28452,369.625
2024-08-30T13:45:23.557158,28452,369.625
2024-08-30T13:45:23.607619,28452,369.625
2024-08-30T13:45:23.658066,28452,369.625
2024-08-30T13:45:23.708623,28452,369.625
2024-08-30T13:45:23.759192,28452,369.625
2024-08-30T13:45:23.809673,28452,369.625
2024-08-30T13:45:23.860126,28452,369.625
2024-08-30T13:45:23.910651,28452,369.625
2024-08-30T13:45:23.961226,28452,369.625
2024-08-30T13:45:24.011789,28452,369.625
2024-08-30T13:45:24.062355,28452,369.625
2024-08-30T13:45:24.112921,28452,369.625
2024-08-30T13:45:24.163407,28452,369.625
2024-08-30T13:45:24.213989,28452,369.625
2024-08-30T13:45:24.264551,28452,369.625
2024-08-30T13:45:24.315139,28452,369.625
2024-08-30T13:45:24.365702,28452,369.625
2024-08-30T13:45:24.416192,28452,369.625
2024-08-30T13:45:24.466766,28452,369.625
2024-08-30T13:45:24.517259,28452,369.625
2024-08-30T13:45:24.567825,28452,369.625
2024-08-30T13:45:24.618390,28452,369.625
2024-08-30T13:45:24.668970,28452,369.625
2024-08-30T13:45:24.719566,28452,369.625
2024-08-30T13:45:24.770136,28452,369.625
2024-08-30T13:45:24.820721,28452,369.625
2024-08-30T13:45:24.871313,28452,369.625
2024-08-30T13:45:24.921879,28452,369.625
2024-08-30T13:45:24.972456,28452,369.625
2024-08-30T13:45:25.023021,28452,369.625
2024-08-30T13:45:25.073526,28452,369.625
2024-08-30T13:45:25.124002,28452,369.625
2024-08-30T13:45:25.174474,28452,369.625
2024-08-30T13:45:25.224940,28452,369.625
2024-08-30T13:45:25.275404,28452,369.625
2024-08-30T13:45:25.325861,28452,369.625
2024-08-30T13:45:25.376276,28452,369.625
2024-08-30T13:45:25.426690,28452,369.625
2024-08-30T13:45:25.477095,28452,369.625
2024-08-30T13:45:25.527505,28452,369.625
2024-08-30T13:45:25.577901,28452,369.625
2024-08-30T13:45:25.628423,28452,369.625
2024-08-30T13:45:25.679016,28452,369.625
2024-08-30T13:45:25.729599,28452,369.625
2024-08-30T13:45:25.780191,28452,369.625
2024-08-30T13:45:25.830763,28452,369.625
2024-08-30T13:45:25.881251,28452,369.625
2024-08-30T13:45:25.931811,28452,369.625
2024-08-30T13:45:25.982386,28452,369.625
2024-08-30T13:45:26.032948,28452,369.625
2024-08-30T13:45:26.083510,28452,369.625
2024-08-30T13:45:26.134079,28452,369.625
2024-08-30T13:45:26.184668,28452,369.625
2024-08-30T13:45:26.235158,28452,369.625
2024-08-30T13:45:26.285742,28452,369.625
2024-08-30T13:45:26.336330,28452,369.625
2024-08-30T13:45:26.386920,28452,369.625
2024-08-30T13:45:26.437483,28452,369.625
2024-08-30T13:45:26.488046,28452,369.625
2024-08-30T13:45:26.538642,28452,369.625
2024-08-30T13:45:26.589156,28452,369.625
2024-08-30T13:45:26.639637,28452,369.625
2024-08-30T13:45:26.690083,28452,369.625
2024-08-30T13:45:26.740522,28452,369.625
2024-08-30T13:45:26.790971,28452,369.625
2024-08-30T13:45:26.841407,28452,369.625
2024-08-30T13:45:26.891832,28452,369.625
2024-08-30T13:45:26.942258,28452,369.625
2024-08-30T13:45:26.992694,28452,369.625
2024-08-30T13:45:27.043118,28452,369.625
2024-08-30T13:45:27.093540,28452,369.625
2024-08-30T13:45:27.143963,28452,369.625
2024-08-30T13:45:27.194384,28452,369.625
2024-08-30T13:45:27.244808,28452,369.625
2024-08-30T13:45:27.295222,28452,369.625
2024-08-30T13:45:27.345678,28452,369.625
2024-08-30T13:45:27.396169,28452,369.625
2024-08-30T13:45:27.446732,28452,369.625
2024-08-30T13:45:27.497296,28452,369.625
2024-08-30T13:45:27.547860,28452,369.625
2024-08-30T13:45:27.598429,28452,369.625
2024-08-30T13:45:27.648998,28452,369.625
2024-08-30T13:45:27.699574,28452,369.625
2024-08-30T13:45:27.750158,28452,369.625
2024-08-30T13:45:27.800736,28452,369.625
2024-08-30T13:45:27.851327,28452,369.625
2024-08-30T13:45:27.901915,28452,369.625
2024-08-30T13:45:27.952483,28452,369.625
2024-08-30T13:45:28.003066,28452,369.625
2024-08-30T13:45:28.053632,28452,369.625
2024-08-30T13:45:28.104201,28452,369.625
2024-08-30T13:45:28.154768,28452,369.625
2024-08-30T13:45:28.205330,28452,369.625
2024-08-30T13:45:28.255895,28452,369.625
2024-08-30T13:45:28.306409,28452,369.625
2024-08-30T13:45:28.356915,28452,369.625
2024-08-30T13:45:28.407364,28452,369.625
2024-08-30T13:45:28.457829,28452,369.625
2024-08-30T13:45:28.508272,28452,369.625
2024-08-30T13:45:28.558713,28452,369.625
2024-08-30T13:45:28.609154,28452,369.625
2024-08-30T13:45:28.659597,28452,369.625
2024-08-30T13:45:28.710027,28452,369.625
2024-08-30T13:45:28.760466,28452,369.625
2024-08-30T13:45:28.810934,28452,369.625
2024-08-30T13:45:28.861377,28452,369.625
2024-08-30T13:45:28.911825,28452,369.625
2024-08-30T13:45:28.962280,28452,369.625
2024-08-30T13:45:29.012706,28452,369.625
2024-08-30T13:45:29.063141,28452,369.625
2024-08-30T13:45:29.113575,28452,369.625
2024-08-30T13:45:29.164006,28452,369.625
2024-08-30T13:45:29.214427,28452,369.625
2024-08-30T13:45:29.264897,28452,369.625
2024-08-30T13:45:29.315362,28452,369.625
2024-08-30T13:45:29.365808,28452,369.625
2024-08-30T13:45:29.416252,28452,369.625
2024-08-30T13:45:29.466687,28452,369.625
2024-08-30T13:45:29.517112,28452,369.625
2024-08-30T13:45:29.567546,28452,369.625
2024-08-30T13:45:29.617964,28452,369.625
2024-08-30T13:45:29.668393,28452,369.625
2024-08-30T13:45:29.718847,28452,369.625
2024-08-30T13:45:29.769275,28452,369.625
2024-08-30T13:45:29.819686,28452,369.625
2024-08-30T13:45:29.870115,28452,369.625
2024-08-30T13:45:29.920579,28452,369.625
2024-08-30T13:45:29.971023,28452,369.625
2024-08-30T13:45:30.021460,28452,369.625
2024-08-30T13:45:30.071909,28452,369.625
2024-08-30T13:45:30.122359,28452,369.625
2024-08-30T13:45:30.172801,28452,369.625
2024-08-30T13:45:30.223238,28452,369.625
2024-08-30T13:45:30.273668,28452,369.625
2024-08-30T13:45:30.324107,28452,369.625
2024-08-30T13:45:30.374541,28452,369.625
2024-08-30T13:45:30.424979,28452,369.625
2024-08-30T13:45:30.475404,28452,369.625
2024-08-30T13:45:30.525848,28452,369.625
2024-08-30T13:45:30.576298,28452,369.625
2024-08-30T13:45:30.626763,28452,369.625
2024-08-30T13:45:30.677192,28452,369.625
2024-08-30T13:45:30.727650,28452,369.625
2024-08-30T13:45:30.778075,28452,369.625
2024-08-30T13:45:30.828517,28452,369.625
2024-08-30T13:45:30.878963,28452,369.625
2024-08-30T13:45:30.929401,28452,369.625
2024-08-30T13:45:30.979832,28452,369.625
2024-08-30T13:45:31.030281,28452,369.625
2024-08-30T13:45:31.080704,28452,369.625
2024-08-30T13:45:31.131157,28452,369.625
2024-08-30T13:45:31.181596,28452,369.625
2024-08-30T13:45:31.232028,28452,369.625
2024-08-30T13:45:31.282464,28452,369.625
2024-08-30T13:45:31.332905,28452,369.625
2024-08-30T13:45:31.383337,28452,369.625
2024-08-30T13:45:31.433778,28452,369.625
2024-08-30T13:45:31.484210,28452,369.625
2024-08-30T13:45:31.534658,28452,369.625
2024-08-30T13:45:31.585092,28452,369.625
2024-08-30T13:45:31.635529,28452,369.625
2024-08-30T13:45:31.685946,28452,369.625
2024-08-30T13:45:31.736384,28452,369.625
2024-08-30T13:45:31.786834,28452,369.625
2024-08-30T13:45:31.837270,28452,369.625
2024-08-30T13:45:31.887714,28452,369.625
2024-08-30T13:45:31.938150,28452,369.625
2024-08-30T13:45:31.988583,28452,369.625
2024-08-30T13:45:32.039021,28452,369.625
2024-08-30T13:45:32.089462,28452,369.625
2024-08-30T13:45:32.139893,28452,369.625
2024-08-30T13:45:32.190307,28452,369.625
2024-08-30T13:45:32.240731,28452,369.625
2024-08-30T13:45:32.291194,28452,369.625
2024-08-30T13:45:32.341636,28452,369.625
2024-08-30T13:45:32.392083,28452,369.625
2024-08-30T13:45:32.442533,28452,369.625
2024-08-30T13:45:32.492966,28452,369.625
2024-08-30T13:45:32.543392,28452,369.625
2024-08-30T13:45:32.593817,28452,369.625
2024-08-30T13:45:32.644266,28452,369.625
2024-08-30T13:45:32.694697,28452,369.625
2024-08-30T13:45:32.745118,28452,369.625
2024-08-30T13:45:32.795545,28452,369.625
2024-08-30T13:45:32.845984,28452,369.625
2024-08-30T13:45:32.896421,28452,369.625
2024-08-30T13:45:32.946900,28452,369.625
2024-08-30T13:45:32.997329,28452,369.625
2024-08-30T13:45:33.047777,28452,369.625
2024-08-30T13:45:33.098193,28452,369.625
2024-08-30T13:45:33.148655,28452,369.625
2024-08-30T13:45:33.199108,28452,369.625
2024-08-30T13:45:33.249538,28452,369.625
2024-08-30T13:45:33.299970,28452,369.625
2024-08-30T13:45:33.350408,28452,369.625
2024-08-30T13:45:33.400852,28452,369.625
2024-08-30T13:45:33.451301,28452,369.625
2024-08-30T13:45:33.501738,28452,369.625
2024-08-30T13:45:33.552177,28452,369.625
2024-08-30T13:45:33.602621,28452,369.625
2024-08-30T13:45:33.653065,28452,369.625
2024-08-30T13:45:33.703523,28452,369.625
2024-08-30T13:45:33.753988,28452,369.625
2024-08-30T13:45:33.804441,28452,369.625
2024-08-30T13:45:33.854926,28452,369.625
2024-08-30T13:45:33.905377,28452,369.625
2024-08-30T13:45:33.955847,28452,369.625
2024-08-30T13:45:34.006296,28452,369.625
2024-08-30T13:45:34.056764,28452,369.625
2024-08-30T13:45:34.107271,28452,369.625
2024-08-30T13:45:34.157745,28452,369.625
2024-08-30T13:45:34.208313,28452,369.625
2024-08-30T13:45:34.258904,28452,369.625
2024-08-30T13:45:34.309383,28452,369.625
2024-08-30T13:45:34.359932,28452,369.625
2024-08-30T13:45:34.410423,28452,369.625
2024-08-30T13:45:34.460874,28452,369.625
2024-08-30T13:45:34.511305,28452,369.625
2024-08-30T13:45:34.561707,28452,369.625
2024-08-30T13:45:34.612129,28452,369.625
2024-08-30T13:45:34.662539,28452,369.625
2024-08-30T13:45:34.712942,28452,369.625
2024-08-30T13:45:34.763471,28452,369.625
2024-08-30T13:45:34.814037,28452,369.625
2024-08-30T13:45:34.864608,28452,369.625
2024-08-30T13:45:34.915179,28452,369.625
2024-08-30T13:45:34.965729,28452,369.625
2024-08-30T13:45:35.016289,28452,369.625
2024-08-30T13:45:35.066839,28452,369.625
2024-08-30T13:45:35.117399,28452,369.625
2024-08-30T13:45:35.167956,28452,369.625
2024-08-30T13:45:35.218512,28452,369.625
2024-08-30T13:45:35.269006,28452,369.625
2024-08-30T13:45:35.319581,28452,369.625
2024-08-30T13:45:35.370135,28452,369.625
2024-08-30T13:45:35.420707,28452,369.625
2024-08-30T13:45:35.471187,28452,369.625
2024-08-30T13:45:35.521739,28452,369.625
2024-08-30T13:45:35.572293,28452,369.625
2024-08-30T13:45:35.622843,28452,369.625
2024-08-30T13:45:35.673396,28452,369.625
2024-08-30T13:45:35.723953,28452,369.625
2024-08-30T13:45:35.774540,28452,369.625
2024-08-30T13:45:35.825044,28452,369.625
2024-08-30T13:45:35.875487,28452,369.625
2024-08-30T13:45:35.926008,28452,369.625
2024-08-30T13:45:35.976489,28452,369.625
2024-08-30T13:45:36.027069,28452,369.625
2024-08-30T13:45:36.077553,28452,369.625
2024-08-30T13:45:36.128112,28452,369.625
2024-08-30T13:45:36.178598,28452,369.625
2024-08-30T13:45:36.229098,28452,369.625
2024-08-30T13:45:36.279621,28452,369.625
2024-08-30T13:45:36.330192,28452,369.625
2024-08-30T13:45:36.380764,28452,369.625
2024-08-30T13:45:36.431322,28452,369.625
2024-08-30T13:45:36.481887,28452,369.625
2024-08-30T13:45:36.532459,28452,369.625
2024-08-30T13:45:36.583050,28452,369.625
2024-08-30T13:45:36.633563,28452,369.625
2024-08-30T13:45:36.684095,28452,369.625
2024-08-30T13:45:36.734546,28452,369.625
2024-08-30T13:45:36.784969,28452,369.625
2024-08-30T13:45:36.835398,28452,369.625
2024-08-30T13:45:36.885860,28452,369.625
2024-08-30T13:45:36.936414,28452,369.625
2024-08-30T13:45:36.986999,28452,369.625
2024-08-30T13:45:37.037563,28452,369.625
2024-08-30T13:45:37.088130,28452,369.625
2024-08-30T13:45:37.138693,28452,369.625
2024-08-30T13:45:37.189254,28452,369.625
2024-08-30T13:45:37.239812,28452,369.625
2024-08-30T13:45:37.290375,28452,369.625
2024-08-30T13:45:37.340933,28452,369.625
2024-08-30T13:45:37.391464,28452,369.625
2024-08-30T13:45:37.442083,28452,369.625
2024-08-30T13:45:37.492668,28452,369.625
2024-08-30T13:45:37.543221,28452,369.625
2024-08-30T13:45:37.593775,28452,369.625
2024-08-30T13:45:37.644331,28452,369.625
2024-08-30T13:45:37.694921,28452,369.625
2024-08-30T13:45:37.745483,28452,369.625
2024-08-30T13:45:37.796045,28452,369.625
2024-08-30T13:45:37.846595,28452,369.625
2024-08-30T13:45:37.897079,28452,369.625
2024-08-30T13:45:37.947646,28452,369.625
2024-08-30T13:45:37.998236,28452,369.625
2024-08-30T13:45:38.048869,28452,369.625
2024-08-30T13:45:38.099426,28452,369.625
2024-08-30T13:45:38.149939,28452,369.625
2024-08-30T13:45:38.200504,28452,369.625
2024-08-30T13:45:38.251115,28452,369.625
2024-08-30T13:45:38.301624,28452,369.625
2024-08-30T13:45:38.352213,28452,369.625
2024-08-30T13:45:38.402710,28452,369.625
2024-08-30T13:45:38.453288,28452,369.625
2024-08-30T13:45:38.503846,28452,369.625
2024-08-30T13:45:38.554413,28452,369.625
2024-08-30T13:45:38.605003,28452,369.625
2024-08-30T13:45:38.655587,28452,369.625
2024-08-30T13:45:38.706149,28452,369.625
2024-08-30T13:45:38.756725,28452,369.625
2024-08-30T13:45:38.807302,28452,369.625
2024-08-30T13:45:38.857853,28452,369.625
2024-08-30T13:45:38.908395,28452,369.625
2024-08-30T13:45:38.958931,28452,369.625
2024-08-30T13:45:39.009436,28452,369.625
